<?xml version="1.0" encoding="UTF-8"?>
<testsuite xmlns:xsi="http://www.w3.org/2001/XMLSchema-instance" xsi:schemaLocation="https://maven.apache.org/surefire/maven-surefire-plugin/xsd/surefire-test-report.xsd" name="canvas.service.drawing.cmd.Test.CommandRectangleTest" time="0.114" tests="7" errors="0" skipped="0" failures="0">
  <properties>
[...]
</properties>
  <testcase name="test_X1GreaterThanX2" classname="canvas.service.drawing.cmd.Test.CommandRectangleTest" time="0.014"/>
  <testcase name="testEX_YLessThanZero" classname="canvas.service.drawing.cmd.Test.CommandRectangleTest" time="0.003"/>
  <testcase name="test_X1EqualsX2" classname="canvas.service.drawing.cmd.Test.CommandRectangleTest" time="0.004"/>
  <testcase name="test_EqualsZero" classname="canvas.service.drawing.cmd.Test.CommandRectangleTest" time="0.004"/>
  <testcase name="test_X1EqualsZero" classname="canvas.service.drawing.cmd.Test.CommandRectangleTest" time="0.004"/>
  <testcase name="test_CoverBorderWithStars" classname="canvas.service.drawing.cmd.Test.CommandRectangleTest" time="0.007"/>
  <testcase name="test_Y1EqualY2" classname="canvas.service.drawing.cmd.Test.CommandRectangleTest" time="0.001"/>
</testsuite>